<?xml version="1.0" encoding="UTF-8"?>
<!-- Generated by org.testng.reporters.JUnitReportReporter -->
<testsuite skipped="0" hostname="SAI-PC" name="com.applicationname.qa.testcases.HomePageTest" tests="3" failures="0" timestamp="21 Apr 2019 17:06:19 GMT" time="64.961" errors="0">
  <testcase name="verifyHomePageTitle" time="19.981" classname="com.applicationname.qa.testcases.HomePageTest"/>
  <testcase name="verifyUserNameTest" time="22.335" classname="com.applicationname.qa.testcases.HomePageTest"/>
  <testcase name="verifyContactsLink" time="22.645" classname="com.applicationname.qa.testcases.HomePageTest"/>
</testsuite> <!-- com.applicationname.qa.testcases.HomePageTest -->
