<?xml version="1.0" encoding="UTF-8"?>
<!-- Generated by org.testng.reporters.JUnitReportReporter -->
<testsuite skipped="0" hostname="SAI-PC" name="com.applicationname.qa.testcases.ContactsPageTest" tests="6" failures="0" timestamp="21 Apr 2019 17:06:19 GMT" time="150.121" errors="0">
  <testcase name="verifyContactsLabelTest" time="24.799" classname="com.applicationname.qa.testcases.ContactsPageTest"/>
  <testcase name="selectContactsTest" time="22.321" classname="com.applicationname.qa.testcases.ContactsPageTest"/>
  <testcase name="selectMultipleContactsTest" time="22.504" classname="com.applicationname.qa.testcases.ContactsPageTest"/>
  <testcase name="validateCreateNewContact" time="27.089" classname="com.applicationname.qa.testcases.ContactsPageTest"/>
  <testcase name="validateCreateNewContact" time="26.854" classname="com.applicationname.qa.testcases.ContactsPageTest"/>
  <testcase name="validateCreateNewContact" time="26.554" classname="com.applicationname.qa.testcases.ContactsPageTest"/>
</testsuite> <!-- com.applicationname.qa.testcases.ContactsPageTest -->
