<?xml version="1.0" encoding="UTF-8"?>
<!-- Generated by org.testng.reporters.JUnitReportReporter -->
<testsuite skipped="0" hostname="SAI-PC" name="com.applicationname.qa.testcases.LoginPageTest" tests="3" failures="0" timestamp="22 Apr 2019 10:49:08 GMT" time="66.817" errors="0">
  <testcase name="loginPageTitleTest" time="12.456" classname="com.applicationname.qa.testcases.LoginPageTest"/>
  <testcase name="crmLogoImageTest" time="16.549" classname="com.applicationname.qa.testcases.LoginPageTest"/>
  <testcase name="loginTest" time="37.812" classname="com.applicationname.qa.testcases.LoginPageTest"/>
</testsuite> <!-- com.applicationname.qa.testcases.LoginPageTest -->
